<?xml version="1.0" encoding="UTF-8"?>
<testng-results ignored="0" total="2" passed="1" failed="1" skipped="0">
  <reporter-output>
  </reporter-output>
  <suite started-at="2025-07-30T13:16:30 IST" name="Default suite" finished-at="2025-07-30T13:17:18 IST" duration-ms="47464">
    <groups>
    </groups>
    <test started-at="2025-07-30T13:16:30 IST" name="Default test" finished-at="2025-07-30T13:17:18 IST" duration-ms="47464">
      <class name="testScenarios.elisaPlateCreation">
        <test-method is-config="true" signature="initializeDriver()[pri:0, instance:testScenarios.elisaPlateCreation@30990c1b]" started-at="2025-07-30T13:16:30 IST" name="initializeDriver" finished-at="2025-07-30T13:16:42 IST" duration-ms="11965" status="PASS">
          <reporter-output>
          </reporter-output>
        </test-method> <!-- initializeDriver -->
        <test-method signature="testLoginValidCredentials()[pri:0, instance:testScenarios.elisaPlateCreation@30990c1b]" started-at="2025-07-30T13:16:42 IST" name="testLoginValidCredentials" finished-at="2025-07-30T13:16:45 IST" duration-ms="3119" status="PASS">
          <reporter-output>
          </reporter-output>
        </test-method> <!-- testLoginValidCredentials -->
        <test-method signature="testelisaplatecreation()[pri:1, instance:testScenarios.elisaPlateCreation@30990c1b]" started-at="2025-07-30T13:16:45 IST" name="testelisaplatecreation" finished-at="2025-07-30T13:16:56 IST" duration-ms="10832" status="FAIL">
          <exception class="org.assertj.core.api.SoftAssertionError">
            <message>
              <![CDATA[
The following assertion failed:
1) PCR Plate Creation Test failed: Error clicking PCR dropdown.
at elisaPlateCreation.testelisaplatecreation(elisaPlateCreation.java:156)
]]>
            </message>
            <full-stacktrace>
              <![CDATA[org.assertj.core.api.SoftAssertionError: 
The following assertion failed:
1) PCR Plate Creation Test failed: Error clicking PCR dropdown.
at elisaPlateCreation.testelisaplatecreation(elisaPlateCreation.java:156)

at org.assertj.core.error.AssertionErrorCreator.multipleSoftAssertionsError(AssertionErrorCreator.java:100)
at org.assertj.core.api.AbstractSoftAssertions.assertAll(AbstractSoftAssertions.java:37)
at org.assertj.core.api.AbstractSoftAssertions.assertAll(AbstractSoftAssertions.java:42)
at testScenarios.elisaPlateCreation.testelisaplatecreation(elisaPlateCreation.java:158)
at java.base/jdk.internal.reflect.NativeMethodAccessorImpl.invoke0(Native Method)
at java.base/jdk.internal.reflect.NativeMethodAccessorImpl.invoke(NativeMethodAccessorImpl.java:77)
at java.base/jdk.internal.reflect.DelegatingMethodAccessorImpl.invoke(DelegatingMethodAccessorImpl.java:43)
at java.base/java.lang.reflect.Method.invoke(Method.java:568)
at org.testng.internal.MethodInvocationHelper.invokeMethod(MethodInvocationHelper.java:133)
at org.testng.internal.TestInvoker.invokeMethod(TestInvoker.java:598)
at org.testng.internal.TestInvoker.invokeTestMethod(TestInvoker.java:173)
at org.testng.internal.MethodRunner.runInSequence(MethodRunner.java:46)
at org.testng.internal.TestInvoker$MethodInvocationAgent.invoke(TestInvoker.java:824)
at org.testng.internal.TestInvoker.invokeTestMethods(TestInvoker.java:146)
at org.testng.internal.TestMethodWorker.invokeTestMethods(TestMethodWorker.java:146)
at org.testng.internal.TestMethodWorker.run(TestMethodWorker.java:128)
at java.base/java.util.ArrayList.forEach(ArrayList.java:1511)
at org.testng.TestRunner.privateRun(TestRunner.java:794)
at org.testng.TestRunner.run(TestRunner.java:596)
at org.testng.SuiteRunner.runTest(SuiteRunner.java:377)
at org.testng.SuiteRunner.runSequentially(SuiteRunner.java:371)
at org.testng.SuiteRunner.privateRun(SuiteRunner.java:332)
at org.testng.SuiteRunner.run(SuiteRunner.java:276)
at org.testng.SuiteRunnerWorker.runSuite(SuiteRunnerWorker.java:53)
at org.testng.SuiteRunnerWorker.run(SuiteRunnerWorker.java:96)
at org.testng.TestNG.runSuitesSequentially(TestNG.java:1212)
at org.testng.TestNG.runSuitesLocally(TestNG.java:1134)
at org.testng.TestNG.runSuites(TestNG.java:1063)
at org.testng.TestNG.run(TestNG.java:1031)
at org.testng.remote.AbstractRemoteTestNG.run(AbstractRemoteTestNG.java:115)
at org.testng.remote.RemoteTestNG.initAndRun(RemoteTestNG.java:293)
at org.testng.remote.RemoteTestNG.main(RemoteTestNG.java:91)
]]>
            </full-stacktrace>
          </exception> <!-- org.assertj.core.api.SoftAssertionError -->
          <reporter-output>
          </reporter-output>
        </test-method> <!-- testelisaplatecreation -->
        <test-method is-config="true" signature="tearDown()[pri:0, instance:testScenarios.elisaPlateCreation@30990c1b]" started-at="2025-07-30T13:16:56 IST" name="tearDown" finished-at="2025-07-30T13:17:18 IST" duration-ms="21512" status="PASS">
          <reporter-output>
          </reporter-output>
        </test-method> <!-- tearDown -->
      </class> <!-- testScenarios.elisaPlateCreation -->
    </test> <!-- Default test -->
  </suite> <!-- Default suite -->
</testng-results>
